2023-08-03 20:10:35.859 +05:30  INF  User profile is available. Using 'C:\Users\Hp\AppData\Local\ASP.NET\DataProtection-Keys' as key repository and Windows DPAPI to encrypt keys at rest.
2023-08-03 20:10:36.248 +05:30  INF  Now listening on: https://localhost:7245
2023-08-03 20:10:36.251 +05:30  INF  Now listening on: http://localhost:5032
2023-08-03 20:10:36.260 +05:30  INF  Application started. Press Ctrl+C to shut down.
2023-08-03 20:10:36.263 +05:30  INF  Hosting environment: Development
2023-08-03 20:10:36.266 +05:30  INF  Content root path: C:\Users\Hp\Desktop\com.moviebookingapp-master\MovieBookingApp\com.moviebookingapp.usermicroservice\
2023-08-03 20:10:48.277 +05:30  INF  User profile is available. Using 'C:\Users\Hp\AppData\Local\ASP.NET\DataProtection-Keys' as key repository and Windows DPAPI to encrypt keys at rest.
2023-08-03 20:10:48.654 +05:30  INF  Now listening on: https://localhost:7044
2023-08-03 20:10:48.656 +05:30  INF  Now listening on: http://localhost:5257
2023-08-03 20:10:48.665 +05:30  INF  Application started. Press Ctrl+C to shut down.
2023-08-03 20:10:48.669 +05:30  INF  Hosting environment: Development
2023-08-03 20:10:48.671 +05:30  INF  Content root path: C:\Users\Hp\Desktop\com.moviebookingapp-master\MovieBookingApp\com.moviebookingapp.moviemicroservice\
2023-08-03 20:11:21.328 +05:30  INF  Request starting HTTP/2 GET https://localhost:7044/api/v1.0/moviebooking/all - -
2023-08-03 20:11:24.450 +05:30  INF  Authorization failed. These requirements were not met:
RolesAuthorizationRequirement:User.IsInRole must be true for one of the following roles: (Admin)
2023-08-03 20:11:24.462 +05:30  INF  AuthenticationScheme: Bearer was forbidden.
2023-08-03 20:11:24.496 +05:30  INF  Request finished HTTP/2 GET https://localhost:7044/api/v1.0/moviebooking/all - - - 403 0 - 3178.8064ms
2023-08-03 20:11:35.552 +05:30  INF  Request starting HTTP/2 GET https://localhost:7044/api/v1.0/moviebooking/movies/search/moviename?moviename=PS1 - -
2023-08-03 20:11:35.577 +05:30  INF  Executing endpoint 'com.moviebookingapp.moviemicroservice.Controllers.MovieController.Get (com.moviebookingapp.moviemicroservice)'
2023-08-03 20:11:35.770 +05:30  INF  Route matched with {action = "Get", controller = "Movie"}. Executing controller action with signature System.Threading.Tasks.Task`1[Microsoft.AspNetCore.Mvc.IActionResult] Get(System.String) on controller com.moviebookingapp.moviemicroservice.Controllers.MovieController (com.moviebookingapp.moviemicroservice).
2023-08-03 20:11:40.455 +05:30  INF  Executing OkObjectResult, writing value of type 'System.Collections.Generic.List`1[[com.moviebookingapp.moviemicroservice.Collection.Movie, com.moviebookingapp.moviemicroservice, Version=1.0.0.0, Culture=neutral, PublicKeyToken=null]]'.
2023-08-03 20:11:40.667 +05:30  INF  Executed action com.moviebookingapp.moviemicroservice.Controllers.MovieController.Get (com.moviebookingapp.moviemicroservice) in 4871.8802ms
2023-08-03 20:11:40.672 +05:30  INF  Executed endpoint 'com.moviebookingapp.moviemicroservice.Controllers.MovieController.Get (com.moviebookingapp.moviemicroservice)'
2023-08-03 20:11:40.682 +05:30  INF  Request finished HTTP/2 GET https://localhost:7044/api/v1.0/moviebooking/movies/search/moviename?moviename=PS1 - - - 200 - application/json;+charset=utf-8 5129.8958ms
2023-08-03 20:11:55.547 +05:30  INF  Request starting HTTP/2 GET https://localhost:7044/api/v1.0/moviebooking/movies/getBookedMovieDetails?MovieName=PS1&TheatreName=IMAX - -
2023-08-03 20:11:55.556 +05:30  INF  Executing endpoint 'com.moviebookingapp.moviemicroservice.Controllers.MovieController.Get (com.moviebookingapp.moviemicroservice)'
2023-08-03 20:11:55.570 +05:30  INF  Route matched with {action = "Get", controller = "Movie"}. Executing controller action with signature System.Threading.Tasks.Task`1[Microsoft.AspNetCore.Mvc.IActionResult] Get(com.moviebookingapp.moviemicroservice.Models.GetMovieRequest) on controller com.moviebookingapp.moviemicroservice.Controllers.MovieController (com.moviebookingapp.moviemicroservice).
2023-08-03 20:11:55.671 +05:30  INF  Executing OkObjectResult, writing value of type 'System.Collections.Generic.List`1[[System.String, System.Private.CoreLib, Version=6.0.0.0, Culture=neutral, PublicKeyToken=7cec85d7bea7798e]]'.
2023-08-03 20:11:55.695 +05:30  INF  Executed action com.moviebookingapp.moviemicroservice.Controllers.MovieController.Get (com.moviebookingapp.moviemicroservice) in 119.1004ms
2023-08-03 20:11:55.701 +05:30  INF  Executed endpoint 'com.moviebookingapp.moviemicroservice.Controllers.MovieController.Get (com.moviebookingapp.moviemicroservice)'
2023-08-03 20:11:55.708 +05:30  INF  Request finished HTTP/2 GET https://localhost:7044/api/v1.0/moviebooking/movies/getBookedMovieDetails?MovieName=PS1&TheatreName=IMAX - - - 200 - application/json;+charset=utf-8 161.5660ms
2023-08-03 20:12:01.186 +05:30  INF  Request starting HTTP/2 GET https://localhost:7044/api/v1.0/moviebooking/movies/getBookedMovieDetails?MovieName=PS1&TheatreName=IMax - -
2023-08-03 20:12:01.189 +05:30  INF  Executing endpoint 'com.moviebookingapp.moviemicroservice.Controllers.MovieController.Get (com.moviebookingapp.moviemicroservice)'
2023-08-03 20:12:01.193 +05:30  INF  Route matched with {action = "Get", controller = "Movie"}. Executing controller action with signature System.Threading.Tasks.Task`1[Microsoft.AspNetCore.Mvc.IActionResult] Get(com.moviebookingapp.moviemicroservice.Models.GetMovieRequest) on controller com.moviebookingapp.moviemicroservice.Controllers.MovieController (com.moviebookingapp.moviemicroservice).
2023-08-03 20:12:01.260 +05:30  INF  Executing OkObjectResult, writing value of type 'System.Collections.Generic.List`1[[System.String, System.Private.CoreLib, Version=6.0.0.0, Culture=neutral, PublicKeyToken=7cec85d7bea7798e]]'.
2023-08-03 20:12:01.265 +05:30  INF  Executed action com.moviebookingapp.moviemicroservice.Controllers.MovieController.Get (com.moviebookingapp.moviemicroservice) in 64.1662ms
2023-08-03 20:12:01.269 +05:30  INF  Executed endpoint 'com.moviebookingapp.moviemicroservice.Controllers.MovieController.Get (com.moviebookingapp.moviemicroservice)'
2023-08-03 20:12:01.272 +05:30  INF  Request finished HTTP/2 GET https://localhost:7044/api/v1.0/moviebooking/movies/getBookedMovieDetails?MovieName=PS1&TheatreName=IMax - - - 200 - application/json;+charset=utf-8 85.3273ms
2023-08-03 20:12:24.134 +05:30  INF  Request starting HTTP/2 PUT https://localhost:7044/api/v1.0/moviebooking/moviename/update/ticket application/json 49
2023-08-03 20:12:24.154 +05:30  INF  CORS policy execution successful.
2023-08-03 20:12:24.204 +05:30  INF  Authorization failed. These requirements were not met:
RolesAuthorizationRequirement:User.IsInRole must be true for one of the following roles: (Admin)
2023-08-03 20:12:24.207 +05:30  INF  AuthenticationScheme: Bearer was forbidden.
2023-08-03 20:12:24.212 +05:30  INF  Request finished HTTP/2 PUT https://localhost:7044/api/v1.0/moviebooking/moviename/update/ticket application/json 49 - 403 0 - 77.7533ms
