2023-08-03 20:27:42.089 +05:30  INF  User profile is available. Using 'C:\Users\Hp\AppData\Local\ASP.NET\DataProtection-Keys' as key repository and Windows DPAPI to encrypt keys at rest.
2023-08-03 20:27:42.459 +05:30  INF  Now listening on: https://localhost:7044
2023-08-03 20:27:42.462 +05:30  INF  Now listening on: http://localhost:5257
2023-08-03 20:27:42.472 +05:30  INF  Application started. Press Ctrl+C to shut down.
2023-08-03 20:27:42.475 +05:30  INF  Hosting environment: Development
2023-08-03 20:27:42.477 +05:30  INF  Content root path: C:\Users\Hp\Desktop\com.moviebookingapp-master\MovieBookingApp\com.moviebookingapp.moviemicroservice\
2023-08-03 20:28:21.201 +05:30  INF  Request starting HTTP/2 POST https://localhost:7044/api/v1.0/moviebooking/moviename/add application/json 149
2023-08-03 20:28:21.536 +05:30  INF  CORS policy execution successful.
2023-08-03 20:28:22.329 +05:30  INF  Executing endpoint 'com.moviebookingapp.moviemicroservice.Controllers.MovieController.Post (com.moviebookingapp.moviemicroservice)'
2023-08-03 20:28:22.494 +05:30  INF  Route matched with {action = "Post", controller = "Movie"}. Executing controller action with signature System.Threading.Tasks.Task`1[Microsoft.AspNetCore.Mvc.IActionResult] Post(com.moviebookingapp.moviemicroservice.Collection.Ticket) on controller com.moviebookingapp.moviemicroservice.Controllers.MovieController (com.moviebookingapp.moviemicroservice).
2023-08-03 20:28:24.712 +05:30  INF  com.moviebookingapp.moviemicroservice.Collection.Ticket is being booked
2023-08-03 20:28:26.197 +05:30  INF  Executing CreatedAtActionResult, writing value of type 'com.moviebookingapp.moviemicroservice.Collection.Ticket'.
2023-08-03 20:28:26.464 +05:30  INF  Executed action com.moviebookingapp.moviemicroservice.Controllers.MovieController.Post (com.moviebookingapp.moviemicroservice) in 3925.7098ms
2023-08-03 20:28:26.476 +05:30  INF  Executed endpoint 'com.moviebookingapp.moviemicroservice.Controllers.MovieController.Post (com.moviebookingapp.moviemicroservice)'
2023-08-03 20:28:26.526 +05:30  INF  Request finished HTTP/2 POST https://localhost:7044/api/v1.0/moviebooking/moviename/add application/json 149 - 201 - application/json;+charset=utf-8 5341.9327ms
2023-08-03 20:29:40.192 +05:30  INF  User profile is available. Using 'C:\Users\Hp\AppData\Local\ASP.NET\DataProtection-Keys' as key repository and Windows DPAPI to encrypt keys at rest.
2023-08-03 20:29:40.560 +05:30  INF  Now listening on: https://localhost:7245
2023-08-03 20:29:40.563 +05:30  INF  Now listening on: http://localhost:5032
2023-08-03 20:29:40.571 +05:30  INF  Application started. Press Ctrl+C to shut down.
2023-08-03 20:29:40.575 +05:30  INF  Hosting environment: Development
2023-08-03 20:29:40.578 +05:30  INF  Content root path: C:\Users\Hp\Desktop\com.moviebookingapp-master\MovieBookingApp\com.moviebookingapp.usermicroservice\
